<?xml version="1.0" encoding="UTF-8"?>
<testsuite xmlns:xsi="http://www.w3.org/2001/XMLSchema-instance" xsi:noNamespaceSchemaLocation="https://maven.apache.org/surefire/maven-surefire-plugin/xsd/surefire-test-report.xsd" name="com.trading.stockMarket.exchange.QuoteTest" time="4.053" tests="3" errors="0" skipped="0" failures="0">
  <properties>
[...]
</properties>
  <testcase name="checkOneQuoteFromList" classname="com.trading.stockMarket.exchange.QuoteTest" time="1.004"/>
  <testcase name="checkQuoteEquality" classname="com.trading.stockMarket.exchange.QuoteTest" time="0.003"/>
  <testcase name="checkQuoteInequality" classname="com.trading.stockMarket.exchange.QuoteTest" time="3.046"/>
</testsuite>